<?xml version="1.0" encoding="UTF-8"?>
<!-- Generated by org.testng.reporters.JUnitReportReporter -->
<testsuite hostname="LTIN514052" failures="0" tests="6" name="miniProject.Main" time="10.972" errors="0" timestamp="2024-07-05T12:51:09 IST" skipped="0">
  <testcase classname="miniProject.Main" name="launchingApplication" time="3.371"/>
  <system-out/>
  <testcase classname="miniProject.Main" name="maximizeApplication" time="1.417"/>
  <system-out/>
  <testcase classname="miniProject.Main" name="searchItem" time="3.454"/>
  <system-out/>
  <testcase classname="miniProject.Main" name="validation" time="1.230"/>
  <system-out/>
  <testcase classname="miniProject.Main" name="selectDropdown" time="1.378"/>
  <system-out/>
  <testcase classname="miniProject.Main" name="writingExcel" time="0.122"/>
  <system-out/>
</testsuite> <!-- miniProject.Main -->
